{
  "RSpec": {
    "coverage": {
      "/home/marcelohenrique/development/projects/rails/OM30/dev/municipe_crud/app/controllers/citizens_controller.rb": {
        "lines": [
          1,
          1,
          null,
          1,
          3,
          null,
          null,
          1,
          3,
          3,
          null,
          null,
          1,
          3,
          3,
          3,
          2,
          4,
          null,
          2,
          null,
          null,
          null,
          null,
          1,
          null,
          null,
          1,
          1,
          1,
          1,
          2,
          null,
          0,
          null,
          null,
          null,
          null,
          1,
          null,
          1,
          4,
          null,
          null,
          null,
          null,
          null,
          1,
          3,
          3,
          null,
          null,
          null
        ]
      },
      "/home/marcelohenrique/development/projects/rails/OM30/dev/municipe_crud/app/controllers/application_controller.rb": {
        "lines": [
          1,
          null
        ]
      },
      "/home/marcelohenrique/development/projects/rails/OM30/dev/municipe_crud/app/helpers/application_helper.rb": {
        "lines": [
          1,
          null
        ]
      },
      "/home/marcelohenrique/development/projects/rails/OM30/dev/municipe_crud/app/helpers/citizen_helper.rb": {
        "lines": [
          1,
          null,
          1,
          0,
          null,
          0,
          null,
          null,
          1,
          null,
          0,
          null,
          null,
          null,
          null,
          null,
          null,
          null,
          null,
          null,
          null,
          null,
          null,
          null,
          null,
          null,
          null,
          null,
          null,
          null,
          null,
          null,
          null,
          null,
          null,
          null,
          null,
          null,
          null,
          null
        ]
      },
      "/home/marcelohenrique/development/projects/rails/OM30/dev/municipe_crud/app/helpers/mailer_helper.rb": {
        "lines": [
          1,
          1,
          6,
          6,
          null,
          null
        ]
      },
      "/home/marcelohenrique/development/projects/rails/OM30/dev/municipe_crud/spec/mailers/citizen_mailer_spec.rb": {
        "lines": [
          1,
          null,
          1,
          1,
          null
        ]
      },
      "/home/marcelohenrique/development/projects/rails/OM30/dev/municipe_crud/app/mailers/citizen_mailer.rb": {
        "lines": [
          1,
          1,
          2,
          2,
          null,
          null,
          1,
          1,
          1,
          null,
          null
        ]
      },
      "/home/marcelohenrique/development/projects/rails/OM30/dev/municipe_crud/app/mailers/application_mailer.rb": {
        "lines": [
          1,
          1,
          null,
          1,
          1,
          null
        ]
      },
      "/home/marcelohenrique/development/projects/rails/OM30/dev/municipe_crud/spec/models/citizen_spec.rb": {
        "lines": [
          1,
          null,
          1,
          1,
          5,
          1,
          4,
          null,
          null,
          1,
          1,
          null,
          null,
          1,
          1,
          null,
          1,
          null,
          null,
          1,
          1,
          null,
          1,
          1,
          null,
          null,
          1,
          2,
          null,
          null,
          null,
          null
        ]
      },
      "/home/marcelohenrique/development/projects/rails/OM30/dev/municipe_crud/app/models/citizen.rb": {
        "lines": [
          1,
          1,
          1,
          null,
          1,
          null,
          1,
          1,
          1,
          1,
          1,
          1,
          null,
          1,
          1,
          null,
          1,
          15,
          10,
          null,
          null,
          15,
          null,
          2,
          null,
          null,
          1,
          15,
          null,
          14,
          14,
          null,
          14,
          null,
          14,
          224,
          null,
          null,
          14,
          null,
          null,
          null
        ]
      },
      "/home/marcelohenrique/development/projects/rails/OM30/dev/municipe_crud/app/models/application_record.rb": {
        "lines": [
          1,
          1,
          null
        ]
      },
      "/home/marcelohenrique/development/projects/rails/OM30/dev/municipe_crud/app/uploaders/citizen_photo_uploader.rb": {
        "lines": [
          1,
          null,
          null,
          1,
          null,
          null,
          1,
          null,
          null,
          null,
          null,
          1,
          56,
          null,
          null,
          null,
          null,
          null,
          null,
          null,
          null,
          null,
          null,
          null,
          null,
          null,
          null,
          null,
          null,
          null,
          null,
          1,
          1,
          null,
          null,
          1,
          1,
          null,
          null,
          1,
          1,
          null,
          null,
          null,
          null,
          1,
          120,
          null,
          null,
          null,
          null,
          null,
          null,
          null,
          null
        ]
      },
      "/home/marcelohenrique/development/projects/rails/OM30/dev/municipe_crud/app/presenters/citizen_presenter.rb": {
        "lines": [
          1,
          1,
          3,
          3,
          null,
          null,
          1,
          1,
          null,
          null,
          1,
          1,
          null,
          null
        ]
      },
      "/home/marcelohenrique/development/projects/rails/OM30/dev/municipe_crud/app/decorators/citizen_decorator.rb": {
        "lines": [
          1,
          1,
          null,
          1,
          0,
          null,
          null,
          1,
          0,
          null,
          null,
          1,
          0,
          null,
          0,
          null,
          null,
          1,
          0,
          null,
          null,
          1,
          0,
          null,
          null
        ]
      },
      "/home/marcelohenrique/development/projects/rails/OM30/dev/municipe_crud/app/decorators/application_decorator.rb": {
        "lines": [
          1,
          null,
          null,
          null,
          null,
          null,
          null,
          null
        ]
      },
      "/home/marcelohenrique/development/projects/rails/OM30/dev/municipe_crud/app/models/address.rb": {
        "lines": [
          1,
          1,
          null
        ]
      }
    },
    "timestamp": 1626779542
  }
}
